[2025-12-18T15:25:24.868+0000] {taskinstance.py:1979} INFO - Dependencies all met for dep_context=non-requeueable deps ti=<TaskInstance: house_prices_pipeline.load_raw_to_postgres scheduled__2025-12-17T00:00:00+00:00 [queued]>
[2025-12-18T15:25:24.877+0000] {taskinstance.py:1979} INFO - Dependencies all met for dep_context=requeueable deps ti=<TaskInstance: house_prices_pipeline.load_raw_to_postgres scheduled__2025-12-17T00:00:00+00:00 [queued]>
[2025-12-18T15:25:24.878+0000] {taskinstance.py:2193} INFO - Starting attempt 2 of 2
[2025-12-18T15:25:24.894+0000] {taskinstance.py:2217} INFO - Executing <Task(PythonOperator): load_raw_to_postgres> on 2025-12-17 00:00:00+00:00
[2025-12-18T15:25:24.903+0000] {standard_task_runner.py:60} INFO - Started process 484 to run task
[2025-12-18T15:25:24.907+0000] {standard_task_runner.py:87} INFO - Running: ['***', 'tasks', 'run', 'house_prices_pipeline', 'load_raw_to_postgres', 'scheduled__2025-12-17T00:00:00+00:00', '--job-id', '6', '--raw', '--subdir', 'DAGS_FOLDER/house_prices_pipeline.py', '--cfg-path', '/tmp/tmptn8bk_a3']
[2025-12-18T15:25:24.910+0000] {standard_task_runner.py:88} INFO - Job 6: Subtask load_raw_to_postgres
[2025-12-18T15:25:24.977+0000] {task_command.py:423} INFO - Running <TaskInstance: house_prices_pipeline.load_raw_to_postgres scheduled__2025-12-17T00:00:00+00:00 [running]> on host b4a09c477273
[2025-12-18T15:25:25.057+0000] {taskinstance.py:2513} INFO - Exporting env vars: AIRFLOW_CTX_DAG_OWNER='***' AIRFLOW_CTX_DAG_ID='house_prices_pipeline' AIRFLOW_CTX_TASK_ID='load_raw_to_postgres' AIRFLOW_CTX_EXECUTION_DATE='2025-12-17T00:00:00+00:00' AIRFLOW_CTX_TRY_NUMBER='2' AIRFLOW_CTX_DAG_RUN_ID='scheduled__2025-12-17T00:00:00+00:00'
[2025-12-18T15:25:25.074+0000] {taskinstance.py:2731} ERROR - Task failed with exception
Traceback (most recent call last):
  File "/home/airflow/.local/lib/python3.8/site-packages/airflow/models/taskinstance.py", line 444, in _execute_task
    result = _execute_callable(context=context, **execute_callable_kwargs)
  File "/home/airflow/.local/lib/python3.8/site-packages/airflow/models/taskinstance.py", line 414, in _execute_callable
    return execute_callable(context=context, **execute_callable_kwargs)
  File "/home/airflow/.local/lib/python3.8/site-packages/airflow/operators/python.py", line 200, in execute
    return_value = self.execute_callable()
  File "/home/airflow/.local/lib/python3.8/site-packages/airflow/operators/python.py", line 217, in execute_callable
    return self.python_callable(*self.op_args, **self.op_kwargs)
  File "/opt/airflow/dags/house_prices_pipeline.py", line 43, in load_raw_to_postgres
    train_df = pd.read_csv(os.path.join(DATA_DIR, "train.csv"))
  File "/home/airflow/.local/lib/python3.8/site-packages/pandas/io/parsers/readers.py", line 912, in read_csv
    return _read(filepath_or_buffer, kwds)
  File "/home/airflow/.local/lib/python3.8/site-packages/pandas/io/parsers/readers.py", line 577, in _read
    parser = TextFileReader(filepath_or_buffer, **kwds)
  File "/home/airflow/.local/lib/python3.8/site-packages/pandas/io/parsers/readers.py", line 1407, in __init__
    self._engine = self._make_engine(f, self.engine)
  File "/home/airflow/.local/lib/python3.8/site-packages/pandas/io/parsers/readers.py", line 1661, in _make_engine
    self.handles = get_handle(
  File "/home/airflow/.local/lib/python3.8/site-packages/pandas/io/common.py", line 859, in get_handle
    handle = open(
FileNotFoundError: [Errno 2] No such file or directory: 'data/train.csv'
[2025-12-18T15:25:25.087+0000] {taskinstance.py:1149} INFO - Marking task as FAILED. dag_id=house_prices_pipeline, task_id=load_raw_to_postgres, execution_date=20251217T000000, start_date=20251218T152524, end_date=20251218T152525
[2025-12-18T15:25:25.096+0000] {standard_task_runner.py:107} ERROR - Failed to execute job 6 for task load_raw_to_postgres ([Errno 2] No such file or directory: 'data/train.csv'; 484)
[2025-12-18T15:25:25.124+0000] {local_task_job_runner.py:234} INFO - Task exited with return code 1
[2025-12-18T15:25:25.146+0000] {taskinstance.py:3312} INFO - 0 downstream tasks scheduled from follow-on schedule check
[2025-12-18T17:15:59.476+0000] {taskinstance.py:1979} INFO - Dependencies all met for dep_context=non-requeueable deps ti=<TaskInstance: house_prices_pipeline.load_raw_to_postgres scheduled__2025-12-17T00:00:00+00:00 [queued]>
[2025-12-18T17:15:59.485+0000] {taskinstance.py:1979} INFO - Dependencies all met for dep_context=requeueable deps ti=<TaskInstance: house_prices_pipeline.load_raw_to_postgres scheduled__2025-12-17T00:00:00+00:00 [queued]>
[2025-12-18T17:15:59.486+0000] {taskinstance.py:2193} INFO - Starting attempt 2 of 2
[2025-12-18T17:15:59.500+0000] {taskinstance.py:2217} INFO - Executing <Task(PythonOperator): load_raw_to_postgres> on 2025-12-17 00:00:00+00:00
[2025-12-18T17:15:59.508+0000] {standard_task_runner.py:60} INFO - Started process 693 to run task
[2025-12-18T17:15:59.511+0000] {standard_task_runner.py:87} INFO - Running: ['***', 'tasks', 'run', 'house_prices_pipeline', 'load_raw_to_postgres', 'scheduled__2025-12-17T00:00:00+00:00', '--job-id', '3', '--raw', '--subdir', 'DAGS_FOLDER/house_prices_pipeline.py', '--cfg-path', '/tmp/tmpri31lfnn']
[2025-12-18T17:15:59.514+0000] {standard_task_runner.py:88} INFO - Job 3: Subtask load_raw_to_postgres
[2025-12-18T17:15:59.579+0000] {task_command.py:423} INFO - Running <TaskInstance: house_prices_pipeline.load_raw_to_postgres scheduled__2025-12-17T00:00:00+00:00 [running]> on host f1775396d6d2
[2025-12-18T17:15:59.667+0000] {taskinstance.py:2513} INFO - Exporting env vars: AIRFLOW_CTX_DAG_OWNER='***' AIRFLOW_CTX_DAG_ID='house_prices_pipeline' AIRFLOW_CTX_TASK_ID='load_raw_to_postgres' AIRFLOW_CTX_EXECUTION_DATE='2025-12-17T00:00:00+00:00' AIRFLOW_CTX_TRY_NUMBER='2' AIRFLOW_CTX_DAG_RUN_ID='scheduled__2025-12-17T00:00:00+00:00'
[2025-12-18T17:15:59.743+0000] {base.py:83} INFO - Using connection ID 'hp_postgres' for task execution.
[2025-12-18T17:15:59.754+0000] {taskinstance.py:2731} ERROR - Task failed with exception
Traceback (most recent call last):
  File "/home/airflow/.local/lib/python3.8/site-packages/airflow/models/taskinstance.py", line 444, in _execute_task
    result = _execute_callable(context=context, **execute_callable_kwargs)
  File "/home/airflow/.local/lib/python3.8/site-packages/airflow/models/taskinstance.py", line 414, in _execute_callable
    return execute_callable(context=context, **execute_callable_kwargs)
  File "/home/airflow/.local/lib/python3.8/site-packages/airflow/operators/python.py", line 200, in execute
    return_value = self.execute_callable()
  File "/home/airflow/.local/lib/python3.8/site-packages/airflow/operators/python.py", line 217, in execute_callable
    return self.python_callable(*self.op_args, **self.op_kwargs)
  File "/opt/airflow/dags/house_prices_pipeline.py", line 74, in load_raw_to_postgres
    cur.execute(
psycopg2.errors.InvalidTextRepresentation: invalid input syntax for type json
LINE 3:             VALUES (1, '{"Id": 1, "MSSubClass": 60, "MSZonin...
                               ^
DETAIL:  Token "NaN" is invalid.
CONTEXT:  JSON data, line 1: ..., "LotArea": 8450, "Street": "Pave", "Alley": NaN...

[2025-12-18T17:15:59.768+0000] {taskinstance.py:1149} INFO - Marking task as FAILED. dag_id=house_prices_pipeline, task_id=load_raw_to_postgres, execution_date=20251217T000000, start_date=20251218T171559, end_date=20251218T171559
[2025-12-18T17:15:59.779+0000] {standard_task_runner.py:107} ERROR - Failed to execute job 3 for task load_raw_to_postgres (invalid input syntax for type json
LINE 3:             VALUES (1, '{"Id": 1, "MSSubClass": 60, "MSZonin...
                               ^
DETAIL:  Token "NaN" is invalid.
CONTEXT:  JSON data, line 1: ..., "LotArea": 8450, "Street": "Pave", "Alley": NaN...
; 693)
[2025-12-18T17:15:59.818+0000] {local_task_job_runner.py:234} INFO - Task exited with return code 1
[2025-12-18T17:15:59.844+0000] {taskinstance.py:3312} INFO - 0 downstream tasks scheduled from follow-on schedule check
[2025-12-18T17:45:18.720+0000] {taskinstance.py:1979} INFO - Dependencies all met for dep_context=non-requeueable deps ti=<TaskInstance: house_prices_pipeline.load_raw_to_postgres scheduled__2025-12-17T00:00:00+00:00 [queued]>
[2025-12-18T17:45:18.728+0000] {taskinstance.py:1979} INFO - Dependencies all met for dep_context=requeueable deps ti=<TaskInstance: house_prices_pipeline.load_raw_to_postgres scheduled__2025-12-17T00:00:00+00:00 [queued]>
[2025-12-18T17:45:18.729+0000] {taskinstance.py:2193} INFO - Starting attempt 2 of 2
[2025-12-18T17:45:18.741+0000] {taskinstance.py:2217} INFO - Executing <Task(PythonOperator): load_raw_to_postgres> on 2025-12-17 00:00:00+00:00
[2025-12-18T17:45:18.750+0000] {standard_task_runner.py:60} INFO - Started process 1941 to run task
[2025-12-18T17:45:18.753+0000] {standard_task_runner.py:87} INFO - Running: ['***', 'tasks', 'run', 'house_prices_pipeline', 'load_raw_to_postgres', 'scheduled__2025-12-17T00:00:00+00:00', '--job-id', '7', '--raw', '--subdir', 'DAGS_FOLDER/house_prices_pipeline.py', '--cfg-path', '/tmp/tmpsuqu5lcn']
[2025-12-18T17:45:18.755+0000] {standard_task_runner.py:88} INFO - Job 7: Subtask load_raw_to_postgres
[2025-12-18T17:45:18.813+0000] {task_command.py:423} INFO - Running <TaskInstance: house_prices_pipeline.load_raw_to_postgres scheduled__2025-12-17T00:00:00+00:00 [running]> on host f1775396d6d2
[2025-12-18T17:45:18.896+0000] {taskinstance.py:2513} INFO - Exporting env vars: AIRFLOW_CTX_DAG_OWNER='***' AIRFLOW_CTX_DAG_ID='house_prices_pipeline' AIRFLOW_CTX_TASK_ID='load_raw_to_postgres' AIRFLOW_CTX_EXECUTION_DATE='2025-12-17T00:00:00+00:00' AIRFLOW_CTX_TRY_NUMBER='2' AIRFLOW_CTX_DAG_RUN_ID='scheduled__2025-12-17T00:00:00+00:00'
[2025-12-18T17:45:18.962+0000] {base.py:83} INFO - Using connection ID 'hp_postgres' for task execution.
[2025-12-18T17:45:18.972+0000] {taskinstance.py:2731} ERROR - Task failed with exception
Traceback (most recent call last):
  File "/home/airflow/.local/lib/python3.8/site-packages/airflow/models/taskinstance.py", line 444, in _execute_task
    result = _execute_callable(context=context, **execute_callable_kwargs)
  File "/home/airflow/.local/lib/python3.8/site-packages/airflow/models/taskinstance.py", line 414, in _execute_callable
    return execute_callable(context=context, **execute_callable_kwargs)
  File "/home/airflow/.local/lib/python3.8/site-packages/airflow/operators/python.py", line 200, in execute
    return_value = self.execute_callable()
  File "/home/airflow/.local/lib/python3.8/site-packages/airflow/operators/python.py", line 217, in execute_callable
    return self.python_callable(*self.op_args, **self.op_kwargs)
  File "/opt/airflow/dags/house_prices_pipeline.py", line 74, in load_raw_to_postgres
    cur.execute(
psycopg2.errors.InvalidTextRepresentation: invalid input syntax for type json
LINE 3:             VALUES (1, '{"Id": 1, "MSSubClass": 60, "MSZonin...
                               ^
DETAIL:  Token "NaN" is invalid.
CONTEXT:  JSON data, line 1: ..., "LotArea": 8450, "Street": "Pave", "Alley": NaN...

[2025-12-18T17:45:18.983+0000] {taskinstance.py:1149} INFO - Marking task as FAILED. dag_id=house_prices_pipeline, task_id=load_raw_to_postgres, execution_date=20251217T000000, start_date=20251218T174518, end_date=20251218T174518
[2025-12-18T17:45:18.993+0000] {standard_task_runner.py:107} ERROR - Failed to execute job 7 for task load_raw_to_postgres (invalid input syntax for type json
LINE 3:             VALUES (1, '{"Id": 1, "MSSubClass": 60, "MSZonin...
                               ^
DETAIL:  Token "NaN" is invalid.
CONTEXT:  JSON data, line 1: ..., "LotArea": 8450, "Street": "Pave", "Alley": NaN...
; 1941)
[2025-12-18T17:45:19.019+0000] {local_task_job_runner.py:234} INFO - Task exited with return code 1
[2025-12-18T17:45:19.043+0000] {taskinstance.py:3312} INFO - 0 downstream tasks scheduled from follow-on schedule check
[2025-12-18T20:42:42.755+0000] {taskinstance.py:1979} INFO - Dependencies all met for dep_context=non-requeueable deps ti=<TaskInstance: house_prices_pipeline.load_raw_to_postgres scheduled__2025-12-17T00:00:00+00:00 [queued]>
[2025-12-18T20:42:42.763+0000] {taskinstance.py:1979} INFO - Dependencies all met for dep_context=requeueable deps ti=<TaskInstance: house_prices_pipeline.load_raw_to_postgres scheduled__2025-12-17T00:00:00+00:00 [queued]>
[2025-12-18T20:42:42.763+0000] {taskinstance.py:2193} INFO - Starting attempt 2 of 2
[2025-12-18T20:42:42.775+0000] {taskinstance.py:2217} INFO - Executing <Task(PythonOperator): load_raw_to_postgres> on 2025-12-17 00:00:00+00:00
[2025-12-18T20:42:42.784+0000] {standard_task_runner.py:60} INFO - Started process 543 to run task
[2025-12-18T20:42:42.787+0000] {standard_task_runner.py:87} INFO - Running: ['***', 'tasks', 'run', 'house_prices_pipeline', 'load_raw_to_postgres', 'scheduled__2025-12-17T00:00:00+00:00', '--job-id', '4', '--raw', '--subdir', 'DAGS_FOLDER/house_prices_pipeline.py', '--cfg-path', '/tmp/tmp_9yw46bc']
[2025-12-18T20:42:42.789+0000] {standard_task_runner.py:88} INFO - Job 4: Subtask load_raw_to_postgres
[2025-12-18T20:42:42.846+0000] {task_command.py:423} INFO - Running <TaskInstance: house_prices_pipeline.load_raw_to_postgres scheduled__2025-12-17T00:00:00+00:00 [running]> on host 322b5dae5a4a
[2025-12-18T20:42:42.927+0000] {taskinstance.py:2513} INFO - Exporting env vars: AIRFLOW_CTX_DAG_OWNER='***' AIRFLOW_CTX_DAG_ID='house_prices_pipeline' AIRFLOW_CTX_TASK_ID='load_raw_to_postgres' AIRFLOW_CTX_EXECUTION_DATE='2025-12-17T00:00:00+00:00' AIRFLOW_CTX_TRY_NUMBER='2' AIRFLOW_CTX_DAG_RUN_ID='scheduled__2025-12-17T00:00:00+00:00'
[2025-12-18T20:42:42.990+0000] {base.py:83} INFO - Using connection ID 'hp_postgres' for task execution.
[2025-12-18T20:42:43.000+0000] {taskinstance.py:2731} ERROR - Task failed with exception
Traceback (most recent call last):
  File "/home/airflow/.local/lib/python3.8/site-packages/airflow/models/taskinstance.py", line 444, in _execute_task
    result = _execute_callable(context=context, **execute_callable_kwargs)
  File "/home/airflow/.local/lib/python3.8/site-packages/airflow/models/taskinstance.py", line 414, in _execute_callable
    return execute_callable(context=context, **execute_callable_kwargs)
  File "/home/airflow/.local/lib/python3.8/site-packages/airflow/operators/python.py", line 200, in execute
    return_value = self.execute_callable()
  File "/home/airflow/.local/lib/python3.8/site-packages/airflow/operators/python.py", line 217, in execute_callable
    return self.python_callable(*self.op_args, **self.op_kwargs)
  File "/opt/airflow/dags/house_prices_pipeline.py", line 74, in load_raw_to_postgres
    cur.execute(
psycopg2.errors.InvalidTextRepresentation: invalid input syntax for type json
LINE 3:             VALUES (1, '{"Id": 1, "MSSubClass": 60, "MSZonin...
                               ^
DETAIL:  Token "NaN" is invalid.
CONTEXT:  JSON data, line 1: ..., "LotArea": 8450, "Street": "Pave", "Alley": NaN...

[2025-12-18T20:42:43.012+0000] {taskinstance.py:1149} INFO - Marking task as FAILED. dag_id=house_prices_pipeline, task_id=load_raw_to_postgres, execution_date=20251217T000000, start_date=20251218T204242, end_date=20251218T204243
[2025-12-18T20:42:43.023+0000] {standard_task_runner.py:107} ERROR - Failed to execute job 4 for task load_raw_to_postgres (invalid input syntax for type json
LINE 3:             VALUES (1, '{"Id": 1, "MSSubClass": 60, "MSZonin...
                               ^
DETAIL:  Token "NaN" is invalid.
CONTEXT:  JSON data, line 1: ..., "LotArea": 8450, "Street": "Pave", "Alley": NaN...
; 543)
[2025-12-18T20:42:43.041+0000] {local_task_job_runner.py:234} INFO - Task exited with return code 1
[2025-12-18T20:42:43.064+0000] {taskinstance.py:3312} INFO - 0 downstream tasks scheduled from follow-on schedule check
