[2025-12-18T15:20:23.112+0000] {taskinstance.py:1979} INFO - Dependencies all met for dep_context=non-requeueable deps ti=<TaskInstance: house_prices_pipeline.load_raw_to_postgres scheduled__2025-12-17T00:00:00+00:00 [queued]>
[2025-12-18T15:20:23.120+0000] {taskinstance.py:1979} INFO - Dependencies all met for dep_context=requeueable deps ti=<TaskInstance: house_prices_pipeline.load_raw_to_postgres scheduled__2025-12-17T00:00:00+00:00 [queued]>
[2025-12-18T15:20:23.121+0000] {taskinstance.py:2193} INFO - Starting attempt 1 of 2
[2025-12-18T15:20:23.134+0000] {taskinstance.py:2217} INFO - Executing <Task(PythonOperator): load_raw_to_postgres> on 2025-12-17 00:00:00+00:00
[2025-12-18T15:20:23.143+0000] {standard_task_runner.py:60} INFO - Started process 277 to run task
[2025-12-18T15:20:23.147+0000] {standard_task_runner.py:87} INFO - Running: ['***', 'tasks', 'run', 'house_prices_pipeline', 'load_raw_to_postgres', 'scheduled__2025-12-17T00:00:00+00:00', '--job-id', '5', '--raw', '--subdir', 'DAGS_FOLDER/house_prices_pipeline.py', '--cfg-path', '/tmp/tmp1nufyqa0']
[2025-12-18T15:20:23.149+0000] {standard_task_runner.py:88} INFO - Job 5: Subtask load_raw_to_postgres
[2025-12-18T15:20:23.206+0000] {task_command.py:423} INFO - Running <TaskInstance: house_prices_pipeline.load_raw_to_postgres scheduled__2025-12-17T00:00:00+00:00 [running]> on host b4a09c477273
[2025-12-18T15:20:23.297+0000] {taskinstance.py:2513} INFO - Exporting env vars: AIRFLOW_CTX_DAG_OWNER='***' AIRFLOW_CTX_DAG_ID='house_prices_pipeline' AIRFLOW_CTX_TASK_ID='load_raw_to_postgres' AIRFLOW_CTX_EXECUTION_DATE='2025-12-17T00:00:00+00:00' AIRFLOW_CTX_TRY_NUMBER='1' AIRFLOW_CTX_DAG_RUN_ID='scheduled__2025-12-17T00:00:00+00:00'
[2025-12-18T15:20:23.321+0000] {taskinstance.py:2731} ERROR - Task failed with exception
Traceback (most recent call last):
  File "/home/airflow/.local/lib/python3.8/site-packages/airflow/models/taskinstance.py", line 444, in _execute_task
    result = _execute_callable(context=context, **execute_callable_kwargs)
  File "/home/airflow/.local/lib/python3.8/site-packages/airflow/models/taskinstance.py", line 414, in _execute_callable
    return execute_callable(context=context, **execute_callable_kwargs)
  File "/home/airflow/.local/lib/python3.8/site-packages/airflow/operators/python.py", line 200, in execute
    return_value = self.execute_callable()
  File "/home/airflow/.local/lib/python3.8/site-packages/airflow/operators/python.py", line 217, in execute_callable
    return self.python_callable(*self.op_args, **self.op_kwargs)
  File "/opt/airflow/dags/house_prices_pipeline.py", line 43, in load_raw_to_postgres
    train_df = pd.read_csv(os.path.join(DATA_DIR, "train.csv"))
  File "/home/airflow/.local/lib/python3.8/site-packages/pandas/io/parsers/readers.py", line 912, in read_csv
    return _read(filepath_or_buffer, kwds)
  File "/home/airflow/.local/lib/python3.8/site-packages/pandas/io/parsers/readers.py", line 577, in _read
    parser = TextFileReader(filepath_or_buffer, **kwds)
  File "/home/airflow/.local/lib/python3.8/site-packages/pandas/io/parsers/readers.py", line 1407, in __init__
    self._engine = self._make_engine(f, self.engine)
  File "/home/airflow/.local/lib/python3.8/site-packages/pandas/io/parsers/readers.py", line 1661, in _make_engine
    self.handles = get_handle(
  File "/home/airflow/.local/lib/python3.8/site-packages/pandas/io/common.py", line 859, in get_handle
    handle = open(
FileNotFoundError: [Errno 2] No such file or directory: 'data/train.csv'
[2025-12-18T15:20:23.334+0000] {taskinstance.py:1149} INFO - Marking task as UP_FOR_RETRY. dag_id=house_prices_pipeline, task_id=load_raw_to_postgres, execution_date=20251217T000000, start_date=20251218T152023, end_date=20251218T152023
[2025-12-18T15:20:23.347+0000] {standard_task_runner.py:107} ERROR - Failed to execute job 5 for task load_raw_to_postgres ([Errno 2] No such file or directory: 'data/train.csv'; 277)
[2025-12-18T15:20:23.375+0000] {local_task_job_runner.py:234} INFO - Task exited with return code 1
[2025-12-18T15:20:23.400+0000] {taskinstance.py:3312} INFO - 0 downstream tasks scheduled from follow-on schedule check
[2025-12-18T17:10:58.000+0000] {taskinstance.py:1979} INFO - Dependencies all met for dep_context=non-requeueable deps ti=<TaskInstance: house_prices_pipeline.load_raw_to_postgres scheduled__2025-12-17T00:00:00+00:00 [queued]>
[2025-12-18T17:10:58.009+0000] {taskinstance.py:1979} INFO - Dependencies all met for dep_context=requeueable deps ti=<TaskInstance: house_prices_pipeline.load_raw_to_postgres scheduled__2025-12-17T00:00:00+00:00 [queued]>
[2025-12-18T17:10:58.010+0000] {taskinstance.py:2193} INFO - Starting attempt 1 of 2
[2025-12-18T17:10:58.022+0000] {taskinstance.py:2217} INFO - Executing <Task(PythonOperator): load_raw_to_postgres> on 2025-12-17 00:00:00+00:00
[2025-12-18T17:10:58.031+0000] {standard_task_runner.py:60} INFO - Started process 465 to run task
[2025-12-18T17:10:58.033+0000] {standard_task_runner.py:87} INFO - Running: ['***', 'tasks', 'run', 'house_prices_pipeline', 'load_raw_to_postgres', 'scheduled__2025-12-17T00:00:00+00:00', '--job-id', '2', '--raw', '--subdir', 'DAGS_FOLDER/house_prices_pipeline.py', '--cfg-path', '/tmp/tmp3ow36fjg']
[2025-12-18T17:10:58.036+0000] {standard_task_runner.py:88} INFO - Job 2: Subtask load_raw_to_postgres
[2025-12-18T17:10:58.100+0000] {task_command.py:423} INFO - Running <TaskInstance: house_prices_pipeline.load_raw_to_postgres scheduled__2025-12-17T00:00:00+00:00 [running]> on host f1775396d6d2
[2025-12-18T17:10:58.188+0000] {taskinstance.py:2513} INFO - Exporting env vars: AIRFLOW_CTX_DAG_OWNER='***' AIRFLOW_CTX_DAG_ID='house_prices_pipeline' AIRFLOW_CTX_TASK_ID='load_raw_to_postgres' AIRFLOW_CTX_EXECUTION_DATE='2025-12-17T00:00:00+00:00' AIRFLOW_CTX_TRY_NUMBER='1' AIRFLOW_CTX_DAG_RUN_ID='scheduled__2025-12-17T00:00:00+00:00'
[2025-12-18T17:10:58.265+0000] {base.py:83} INFO - Using connection ID 'hp_postgres' for task execution.
[2025-12-18T17:10:58.277+0000] {taskinstance.py:2731} ERROR - Task failed with exception
Traceback (most recent call last):
  File "/home/airflow/.local/lib/python3.8/site-packages/airflow/models/taskinstance.py", line 444, in _execute_task
    result = _execute_callable(context=context, **execute_callable_kwargs)
  File "/home/airflow/.local/lib/python3.8/site-packages/airflow/models/taskinstance.py", line 414, in _execute_callable
    return execute_callable(context=context, **execute_callable_kwargs)
  File "/home/airflow/.local/lib/python3.8/site-packages/airflow/operators/python.py", line 200, in execute
    return_value = self.execute_callable()
  File "/home/airflow/.local/lib/python3.8/site-packages/airflow/operators/python.py", line 217, in execute_callable
    return self.python_callable(*self.op_args, **self.op_kwargs)
  File "/opt/airflow/dags/house_prices_pipeline.py", line 74, in load_raw_to_postgres
    cur.execute(
psycopg2.errors.InvalidTextRepresentation: invalid input syntax for type json
LINE 3:             VALUES (1, '{"Id": 1, "MSSubClass": 60, "MSZonin...
                               ^
DETAIL:  Token "NaN" is invalid.
CONTEXT:  JSON data, line 1: ..., "LotArea": 8450, "Street": "Pave", "Alley": NaN...

[2025-12-18T17:10:58.290+0000] {taskinstance.py:1149} INFO - Marking task as UP_FOR_RETRY. dag_id=house_prices_pipeline, task_id=load_raw_to_postgres, execution_date=20251217T000000, start_date=20251218T171058, end_date=20251218T171058
[2025-12-18T17:10:58.301+0000] {standard_task_runner.py:107} ERROR - Failed to execute job 2 for task load_raw_to_postgres (invalid input syntax for type json
LINE 3:             VALUES (1, '{"Id": 1, "MSSubClass": 60, "MSZonin...
                               ^
DETAIL:  Token "NaN" is invalid.
CONTEXT:  JSON data, line 1: ..., "LotArea": 8450, "Street": "Pave", "Alley": NaN...
; 465)
[2025-12-18T17:10:58.342+0000] {local_task_job_runner.py:234} INFO - Task exited with return code 1
[2025-12-18T17:10:58.370+0000] {taskinstance.py:3312} INFO - 0 downstream tasks scheduled from follow-on schedule check
[2025-12-18T17:40:18.931+0000] {taskinstance.py:1979} INFO - Dependencies all met for dep_context=non-requeueable deps ti=<TaskInstance: house_prices_pipeline.load_raw_to_postgres scheduled__2025-12-17T00:00:00+00:00 [queued]>
[2025-12-18T17:40:18.940+0000] {taskinstance.py:1979} INFO - Dependencies all met for dep_context=requeueable deps ti=<TaskInstance: house_prices_pipeline.load_raw_to_postgres scheduled__2025-12-17T00:00:00+00:00 [queued]>
[2025-12-18T17:40:18.940+0000] {taskinstance.py:2193} INFO - Starting attempt 1 of 2
[2025-12-18T17:40:18.953+0000] {taskinstance.py:2217} INFO - Executing <Task(PythonOperator): load_raw_to_postgres> on 2025-12-17 00:00:00+00:00
[2025-12-18T17:40:18.963+0000] {standard_task_runner.py:60} INFO - Started process 1734 to run task
[2025-12-18T17:40:18.966+0000] {standard_task_runner.py:87} INFO - Running: ['***', 'tasks', 'run', 'house_prices_pipeline', 'load_raw_to_postgres', 'scheduled__2025-12-17T00:00:00+00:00', '--job-id', '6', '--raw', '--subdir', 'DAGS_FOLDER/house_prices_pipeline.py', '--cfg-path', '/tmp/tmpp8v81be3']
[2025-12-18T17:40:18.967+0000] {standard_task_runner.py:88} INFO - Job 6: Subtask load_raw_to_postgres
[2025-12-18T17:40:19.030+0000] {task_command.py:423} INFO - Running <TaskInstance: house_prices_pipeline.load_raw_to_postgres scheduled__2025-12-17T00:00:00+00:00 [running]> on host f1775396d6d2
[2025-12-18T17:40:19.112+0000] {taskinstance.py:2513} INFO - Exporting env vars: AIRFLOW_CTX_DAG_OWNER='***' AIRFLOW_CTX_DAG_ID='house_prices_pipeline' AIRFLOW_CTX_TASK_ID='load_raw_to_postgres' AIRFLOW_CTX_EXECUTION_DATE='2025-12-17T00:00:00+00:00' AIRFLOW_CTX_TRY_NUMBER='1' AIRFLOW_CTX_DAG_RUN_ID='scheduled__2025-12-17T00:00:00+00:00'
[2025-12-18T17:40:19.187+0000] {base.py:83} INFO - Using connection ID 'hp_postgres' for task execution.
[2025-12-18T17:40:19.200+0000] {taskinstance.py:2731} ERROR - Task failed with exception
Traceback (most recent call last):
  File "/home/airflow/.local/lib/python3.8/site-packages/airflow/models/taskinstance.py", line 444, in _execute_task
    result = _execute_callable(context=context, **execute_callable_kwargs)
  File "/home/airflow/.local/lib/python3.8/site-packages/airflow/models/taskinstance.py", line 414, in _execute_callable
    return execute_callable(context=context, **execute_callable_kwargs)
  File "/home/airflow/.local/lib/python3.8/site-packages/airflow/operators/python.py", line 200, in execute
    return_value = self.execute_callable()
  File "/home/airflow/.local/lib/python3.8/site-packages/airflow/operators/python.py", line 217, in execute_callable
    return self.python_callable(*self.op_args, **self.op_kwargs)
  File "/opt/airflow/dags/house_prices_pipeline.py", line 74, in load_raw_to_postgres
    cur.execute(
psycopg2.errors.InvalidTextRepresentation: invalid input syntax for type json
LINE 3:             VALUES (1, '{"Id": 1, "MSSubClass": 60, "MSZonin...
                               ^
DETAIL:  Token "NaN" is invalid.
CONTEXT:  JSON data, line 1: ..., "LotArea": 8450, "Street": "Pave", "Alley": NaN...

[2025-12-18T17:40:19.215+0000] {taskinstance.py:1149} INFO - Marking task as UP_FOR_RETRY. dag_id=house_prices_pipeline, task_id=load_raw_to_postgres, execution_date=20251217T000000, start_date=20251218T174018, end_date=20251218T174019
[2025-12-18T17:40:19.226+0000] {standard_task_runner.py:107} ERROR - Failed to execute job 6 for task load_raw_to_postgres (invalid input syntax for type json
LINE 3:             VALUES (1, '{"Id": 1, "MSSubClass": 60, "MSZonin...
                               ^
DETAIL:  Token "NaN" is invalid.
CONTEXT:  JSON data, line 1: ..., "LotArea": 8450, "Street": "Pave", "Alley": NaN...
; 1734)
[2025-12-18T17:40:19.278+0000] {local_task_job_runner.py:234} INFO - Task exited with return code 1
[2025-12-18T17:40:19.305+0000] {taskinstance.py:3312} INFO - 0 downstream tasks scheduled from follow-on schedule check
[2025-12-18T20:37:41.470+0000] {taskinstance.py:1979} INFO - Dependencies all met for dep_context=non-requeueable deps ti=<TaskInstance: house_prices_pipeline.load_raw_to_postgres scheduled__2025-12-17T00:00:00+00:00 [queued]>
[2025-12-18T20:37:41.478+0000] {taskinstance.py:1979} INFO - Dependencies all met for dep_context=requeueable deps ti=<TaskInstance: house_prices_pipeline.load_raw_to_postgres scheduled__2025-12-17T00:00:00+00:00 [queued]>
[2025-12-18T20:37:41.479+0000] {taskinstance.py:2193} INFO - Starting attempt 1 of 2
[2025-12-18T20:37:41.491+0000] {taskinstance.py:2217} INFO - Executing <Task(PythonOperator): load_raw_to_postgres> on 2025-12-17 00:00:00+00:00
[2025-12-18T20:37:41.500+0000] {standard_task_runner.py:60} INFO - Started process 297 to run task
[2025-12-18T20:37:41.504+0000] {standard_task_runner.py:87} INFO - Running: ['***', 'tasks', 'run', 'house_prices_pipeline', 'load_raw_to_postgres', 'scheduled__2025-12-17T00:00:00+00:00', '--job-id', '2', '--raw', '--subdir', 'DAGS_FOLDER/house_prices_pipeline.py', '--cfg-path', '/tmp/tmptpzchim0']
[2025-12-18T20:37:41.506+0000] {standard_task_runner.py:88} INFO - Job 2: Subtask load_raw_to_postgres
[2025-12-18T20:37:41.566+0000] {task_command.py:423} INFO - Running <TaskInstance: house_prices_pipeline.load_raw_to_postgres scheduled__2025-12-17T00:00:00+00:00 [running]> on host 322b5dae5a4a
[2025-12-18T20:37:41.648+0000] {taskinstance.py:2513} INFO - Exporting env vars: AIRFLOW_CTX_DAG_OWNER='***' AIRFLOW_CTX_DAG_ID='house_prices_pipeline' AIRFLOW_CTX_TASK_ID='load_raw_to_postgres' AIRFLOW_CTX_EXECUTION_DATE='2025-12-17T00:00:00+00:00' AIRFLOW_CTX_TRY_NUMBER='1' AIRFLOW_CTX_DAG_RUN_ID='scheduled__2025-12-17T00:00:00+00:00'
[2025-12-18T20:37:41.722+0000] {base.py:83} INFO - Using connection ID 'hp_postgres' for task execution.
[2025-12-18T20:37:41.733+0000] {taskinstance.py:2731} ERROR - Task failed with exception
Traceback (most recent call last):
  File "/home/airflow/.local/lib/python3.8/site-packages/airflow/models/taskinstance.py", line 444, in _execute_task
    result = _execute_callable(context=context, **execute_callable_kwargs)
  File "/home/airflow/.local/lib/python3.8/site-packages/airflow/models/taskinstance.py", line 414, in _execute_callable
    return execute_callable(context=context, **execute_callable_kwargs)
  File "/home/airflow/.local/lib/python3.8/site-packages/airflow/operators/python.py", line 200, in execute
    return_value = self.execute_callable()
  File "/home/airflow/.local/lib/python3.8/site-packages/airflow/operators/python.py", line 217, in execute_callable
    return self.python_callable(*self.op_args, **self.op_kwargs)
  File "/opt/airflow/dags/house_prices_pipeline.py", line 74, in load_raw_to_postgres
    cur.execute(
psycopg2.errors.InvalidTextRepresentation: invalid input syntax for type json
LINE 3:             VALUES (1, '{"Id": 1, "MSSubClass": 60, "MSZonin...
                               ^
DETAIL:  Token "NaN" is invalid.
CONTEXT:  JSON data, line 1: ..., "LotArea": 8450, "Street": "Pave", "Alley": NaN...

[2025-12-18T20:37:41.744+0000] {taskinstance.py:1149} INFO - Marking task as UP_FOR_RETRY. dag_id=house_prices_pipeline, task_id=load_raw_to_postgres, execution_date=20251217T000000, start_date=20251218T203741, end_date=20251218T203741
[2025-12-18T20:37:41.753+0000] {standard_task_runner.py:107} ERROR - Failed to execute job 2 for task load_raw_to_postgres (invalid input syntax for type json
LINE 3:             VALUES (1, '{"Id": 1, "MSSubClass": 60, "MSZonin...
                               ^
DETAIL:  Token "NaN" is invalid.
CONTEXT:  JSON data, line 1: ..., "LotArea": 8450, "Street": "Pave", "Alley": NaN...
; 297)
[2025-12-18T20:37:41.799+0000] {local_task_job_runner.py:234} INFO - Task exited with return code 1
[2025-12-18T20:37:41.823+0000] {taskinstance.py:3312} INFO - 0 downstream tasks scheduled from follow-on schedule check
