[2025-12-18T16:24:33.763+0000] {taskinstance.py:1979} INFO - Dependencies all met for dep_context=non-requeueable deps ti=<TaskInstance: house_prices_pipeline.load_raw_to_postgres manual__2025-12-18T16:19:30.856737+00:00 [queued]>
[2025-12-18T16:24:33.771+0000] {taskinstance.py:1979} INFO - Dependencies all met for dep_context=requeueable deps ti=<TaskInstance: house_prices_pipeline.load_raw_to_postgres manual__2025-12-18T16:19:30.856737+00:00 [queued]>
[2025-12-18T16:24:33.772+0000] {taskinstance.py:2193} INFO - Starting attempt 2 of 2
[2025-12-18T16:24:33.785+0000] {taskinstance.py:2217} INFO - Executing <Task(PythonOperator): load_raw_to_postgres> on 2025-12-18 16:19:30.856737+00:00
[2025-12-18T16:24:33.793+0000] {standard_task_runner.py:60} INFO - Started process 1192 to run task
[2025-12-18T16:24:33.797+0000] {standard_task_runner.py:87} INFO - Running: ['***', 'tasks', 'run', 'house_prices_pipeline', 'load_raw_to_postgres', 'manual__2025-12-18T16:19:30.856737+00:00', '--job-id', '11', '--raw', '--subdir', 'DAGS_FOLDER/house_prices_pipeline.py', '--cfg-path', '/tmp/tmp5jpsxhwk']
[2025-12-18T16:24:33.799+0000] {standard_task_runner.py:88} INFO - Job 11: Subtask load_raw_to_postgres
[2025-12-18T16:24:33.855+0000] {task_command.py:423} INFO - Running <TaskInstance: house_prices_pipeline.load_raw_to_postgres manual__2025-12-18T16:19:30.856737+00:00 [running]> on host 494e5caaeae5
[2025-12-18T16:24:33.939+0000] {taskinstance.py:2513} INFO - Exporting env vars: AIRFLOW_CTX_DAG_OWNER='***' AIRFLOW_CTX_DAG_ID='house_prices_pipeline' AIRFLOW_CTX_TASK_ID='load_raw_to_postgres' AIRFLOW_CTX_EXECUTION_DATE='2025-12-18T16:19:30.856737+00:00' AIRFLOW_CTX_TRY_NUMBER='2' AIRFLOW_CTX_DAG_RUN_ID='manual__2025-12-18T16:19:30.856737+00:00'
[2025-12-18T16:24:34.014+0000] {base.py:83} INFO - Using connection ID 'hp_postgres' for task execution.
[2025-12-18T16:24:34.025+0000] {taskinstance.py:2731} ERROR - Task failed with exception
Traceback (most recent call last):
  File "/home/airflow/.local/lib/python3.8/site-packages/airflow/models/taskinstance.py", line 444, in _execute_task
    result = _execute_callable(context=context, **execute_callable_kwargs)
  File "/home/airflow/.local/lib/python3.8/site-packages/airflow/models/taskinstance.py", line 414, in _execute_callable
    return execute_callable(context=context, **execute_callable_kwargs)
  File "/home/airflow/.local/lib/python3.8/site-packages/airflow/operators/python.py", line 200, in execute
    return_value = self.execute_callable()
  File "/home/airflow/.local/lib/python3.8/site-packages/airflow/operators/python.py", line 217, in execute_callable
    return self.python_callable(*self.op_args, **self.op_kwargs)
  File "/opt/airflow/dags/house_prices_pipeline.py", line 55, in load_raw_to_postgres
    cur.execute(
psycopg2.errors.InvalidTextRepresentation: invalid input syntax for type json
LINE 3:             VALUES (1, '{"Id": 1, "MSSubClass": 60, "MSZonin...
                               ^
DETAIL:  Token "NaN" is invalid.
CONTEXT:  JSON data, line 1: ..., "LotArea": 8450, "Street": "Pave", "Alley": NaN...

[2025-12-18T16:24:34.037+0000] {taskinstance.py:1149} INFO - Marking task as FAILED. dag_id=house_prices_pipeline, task_id=load_raw_to_postgres, execution_date=20251218T161930, start_date=20251218T162433, end_date=20251218T162434
[2025-12-18T16:24:34.048+0000] {standard_task_runner.py:107} ERROR - Failed to execute job 11 for task load_raw_to_postgres (invalid input syntax for type json
LINE 3:             VALUES (1, '{"Id": 1, "MSSubClass": 60, "MSZonin...
                               ^
DETAIL:  Token "NaN" is invalid.
CONTEXT:  JSON data, line 1: ..., "LotArea": 8450, "Street": "Pave", "Alley": NaN...
; 1192)
[2025-12-18T16:24:34.068+0000] {local_task_job_runner.py:234} INFO - Task exited with return code 1
[2025-12-18T16:24:34.092+0000] {taskinstance.py:3312} INFO - 0 downstream tasks scheduled from follow-on schedule check
