[2025-12-18T20:43:09.913+0000] {taskinstance.py:1979} INFO - Dependencies all met for dep_context=non-requeueable deps ti=<TaskInstance: house_prices_pipeline.load_raw_to_postgres manual__2025-12-18T20:38:06.765762+00:00 [queued]>
[2025-12-18T20:43:09.921+0000] {taskinstance.py:1979} INFO - Dependencies all met for dep_context=requeueable deps ti=<TaskInstance: house_prices_pipeline.load_raw_to_postgres manual__2025-12-18T20:38:06.765762+00:00 [queued]>
[2025-12-18T20:43:09.922+0000] {taskinstance.py:2193} INFO - Starting attempt 2 of 2
[2025-12-18T20:43:09.936+0000] {taskinstance.py:2217} INFO - Executing <Task(PythonOperator): load_raw_to_postgres> on 2025-12-18 20:38:06.765762+00:00
[2025-12-18T20:43:09.944+0000] {standard_task_runner.py:60} INFO - Started process 582 to run task
[2025-12-18T20:43:09.947+0000] {standard_task_runner.py:87} INFO - Running: ['***', 'tasks', 'run', 'house_prices_pipeline', 'load_raw_to_postgres', 'manual__2025-12-18T20:38:06.765762+00:00', '--job-id', '5', '--raw', '--subdir', 'DAGS_FOLDER/house_prices_pipeline.py', '--cfg-path', '/tmp/tmpzrk77sq2']
[2025-12-18T20:43:09.949+0000] {standard_task_runner.py:88} INFO - Job 5: Subtask load_raw_to_postgres
[2025-12-18T20:43:10.006+0000] {task_command.py:423} INFO - Running <TaskInstance: house_prices_pipeline.load_raw_to_postgres manual__2025-12-18T20:38:06.765762+00:00 [running]> on host 322b5dae5a4a
[2025-12-18T20:43:10.087+0000] {taskinstance.py:2513} INFO - Exporting env vars: AIRFLOW_CTX_DAG_OWNER='***' AIRFLOW_CTX_DAG_ID='house_prices_pipeline' AIRFLOW_CTX_TASK_ID='load_raw_to_postgres' AIRFLOW_CTX_EXECUTION_DATE='2025-12-18T20:38:06.765762+00:00' AIRFLOW_CTX_TRY_NUMBER='2' AIRFLOW_CTX_DAG_RUN_ID='manual__2025-12-18T20:38:06.765762+00:00'
[2025-12-18T20:43:10.161+0000] {base.py:83} INFO - Using connection ID 'hp_postgres' for task execution.
[2025-12-18T20:43:10.173+0000] {taskinstance.py:2731} ERROR - Task failed with exception
Traceback (most recent call last):
  File "/home/airflow/.local/lib/python3.8/site-packages/airflow/models/taskinstance.py", line 444, in _execute_task
    result = _execute_callable(context=context, **execute_callable_kwargs)
  File "/home/airflow/.local/lib/python3.8/site-packages/airflow/models/taskinstance.py", line 414, in _execute_callable
    return execute_callable(context=context, **execute_callable_kwargs)
  File "/home/airflow/.local/lib/python3.8/site-packages/airflow/operators/python.py", line 200, in execute
    return_value = self.execute_callable()
  File "/home/airflow/.local/lib/python3.8/site-packages/airflow/operators/python.py", line 217, in execute_callable
    return self.python_callable(*self.op_args, **self.op_kwargs)
  File "/opt/airflow/dags/house_prices_pipeline.py", line 74, in load_raw_to_postgres
    cur.execute(
psycopg2.errors.InvalidTextRepresentation: invalid input syntax for type json
LINE 3:             VALUES (1, '{"Id": 1, "MSSubClass": 60, "MSZonin...
                               ^
DETAIL:  Token "NaN" is invalid.
CONTEXT:  JSON data, line 1: ..., "LotArea": 8450, "Street": "Pave", "Alley": NaN...

[2025-12-18T20:43:10.187+0000] {taskinstance.py:1149} INFO - Marking task as FAILED. dag_id=house_prices_pipeline, task_id=load_raw_to_postgres, execution_date=20251218T203806, start_date=20251218T204309, end_date=20251218T204310
[2025-12-18T20:43:10.198+0000] {standard_task_runner.py:107} ERROR - Failed to execute job 5 for task load_raw_to_postgres (invalid input syntax for type json
LINE 3:             VALUES (1, '{"Id": 1, "MSSubClass": 60, "MSZonin...
                               ^
DETAIL:  Token "NaN" is invalid.
CONTEXT:  JSON data, line 1: ..., "LotArea": 8450, "Street": "Pave", "Alley": NaN...
; 582)
[2025-12-18T20:43:10.242+0000] {local_task_job_runner.py:234} INFO - Task exited with return code 1
[2025-12-18T20:43:10.268+0000] {taskinstance.py:3312} INFO - 0 downstream tasks scheduled from follow-on schedule check
